2026.05.20 17:03:05 INFO  Started: Metals version 1.6.7 in folders 'C:\Users\admin\Documents\BC\kurullo-springboot-test' for client Visual Studio Code 1.120.0.
2026.05.20 17:03:05 INFO  Memory monitor started
2026.05.20 17:03:07 WARN  Using H2 2.4.240 which is newer than the version Flyway has been verified with. The latest verified version of H2 is 2.3.232.
2026.05.20 17:03:08 WARN  no build target for: C:\Users\admin\Documents\BC\kurullo-springboot-test\src\test\java\com\example\kurullo\KurulloApplicationTests.java
2026.05.20 17:03:14 WARN  no build target for: C:\Users\admin\Documents\BC\kurullo-springboot-test\src\test\java\com\example\kurullo\KurulloApplicationTests.java
2026.05.20 17:03:29 INFO  no build target found for C:\Users\admin\Documents\BC\kurullo-springboot-test\src\test\java\com\example\kurullo\KurulloApplicationTests.java. Using fallback presentation compiler.
May 20, 2026 5:04:09 PM org.eclipse.lsp4j.jsonrpc.services.GenericEndpoint notify
INFO: Unsupported notification method: $/setTrace
2026.05.22 13:16:57 INFO  Started: Metals version 1.6.7 in folders 'C:\Users\admin\Documents\BC\kurullo-springboot-test' for client Visual Studio Code 1.121.0.
2026.05.22 13:16:57 INFO  Memory monitor started
2026.05.22 13:17:01 WARN  Using H2 2.4.240 which is newer than the version Flyway has been verified with. The latest verified version of H2 is 2.3.232.
2026.05.22 13:17:02 INFO  no build target found for C:\Users\admin\Documents\BC\kurullo-springboot-test\src\main\java\com\example\kurullo\model\User.java. Using fallback presentation compiler.
2026.05.22 13:17:06 INFO  no build target found for C:\Users\admin\Documents\BC\kurullo-springboot-test\src\main\java\com\example\kurullo\dto\LoginRequest.java. Using fallback presentation compiler.
2026.05.22 13:17:06 INFO  no build target found for C:\Users\admin\Documents\BC\kurullo-springboot-test\src\main\java\com\example\kurullo\dto\LoginRequest.java. Using fallback presentation compiler.
2026.05.22 13:17:06 INFO  no build target found for C:\Users\admin\Documents\BC\kurullo-springboot-test\src\main\java\com\example\kurullo\dto\LoginRequest.java. Using fallback presentation compiler.
May 22, 2026 1:17:06 PM org.eclipse.lsp4j.jsonrpc.RemoteEndpoint handleCancellation
WARNING: Unmatched cancel notification for request id 14
2026.05.22 13:17:06 INFO  no build target found for C:\Users\admin\Documents\BC\kurullo-springboot-test\src\main\java\com\example\kurullo\dto\LoginRequest.java. Using fallback presentation compiler.
2026.05.22 13:17:06 INFO  no build target found for C:\Users\admin\Documents\BC\kurullo-springboot-test\src\main\java\com\example\kurullo\dto\LoginRequest.java. Using fallback presentation compiler.
2026.05.22 13:17:07 WARN  no build target for: C:\Users\admin\Documents\BC\kurullo-springboot-test\src\main\java\com\example\kurullo\dto\LoginRequest.java
2026.05.22 13:17:07 INFO  no build target found for C:\Users\admin\Documents\BC\kurullo-springboot-test\src\main\java\com\example\kurullo\dto\LoginRequest.java. Using fallback presentation compiler.
2026.05.22 13:17:17 INFO  no build target found for C:\Users\admin\Documents\BC\kurullo-springboot-test\src\main\java\com\example\kurullo\dto\LoginResponse.java. Using fallback presentation compiler.
2026.05.22 13:17:17 INFO  no build target found for C:\Users\admin\Documents\BC\kurullo-springboot-test\src\main\java\com\example\kurullo\dto\LoginResponse.java. Using fallback presentation compiler.
2026.05.22 13:17:17 INFO  no build target found for C:\Users\admin\Documents\BC\kurullo-springboot-test\src\main\java\com\example\kurullo\dto\LoginResponse.java. Using fallback presentation compiler.
2026.05.22 13:17:17 INFO  no build target found for C:\Users\admin\Documents\BC\kurullo-springboot-test\src\main\java\com\example\kurullo\dto\LoginResponse.java. Using fallback presentation compiler.
2026.05.22 13:17:17 INFO  no build target found for C:\Users\admin\Documents\BC\kurullo-springboot-test\src\main\java\com\example\kurullo\dto\LoginResponse.java. Using fallback presentation compiler.
2026.05.22 13:17:18 WARN  no build target for: C:\Users\admin\Documents\BC\kurullo-springboot-test\src\main\java\com\example\kurullo\dto\LoginResponse.java
2026.05.22 13:17:18 INFO  no build target found for C:\Users\admin\Documents\BC\kurullo-springboot-test\src\main\java\com\example\kurullo\dto\LoginResponse.java. Using fallback presentation compiler.
2026.05.22 13:17:54 INFO  no build target found for C:\Users\admin\Documents\BC\kurullo-springboot-test\src\main\java\com\example\kurullo\repository\UserRepository.java. Using fallback presentation compiler.
2026.05.22 13:17:55 INFO  no build target found for C:\Users\admin\Documents\BC\kurullo-springboot-test\src\main\java\com\example\kurullo\repository\UserRepository.java. Using fallback presentation compiler.
2026.05.22 13:17:55 INFO  no build target found for C:\Users\admin\Documents\BC\kurullo-springboot-test\src\main\java\com\example\kurullo\repository\UserRepository.java. Using fallback presentation compiler.
2026.05.22 13:17:55 INFO  no build target found for C:\Users\admin\Documents\BC\kurullo-springboot-test\src\main\java\com\example\kurullo\repository\UserRepository.java. Using fallback presentation compiler.
2026.05.22 13:17:55 INFO  no build target found for C:\Users\admin\Documents\BC\kurullo-springboot-test\src\main\java\com\example\kurullo\repository\UserRepository.java. Using fallback presentation compiler.
2026.05.22 13:17:56 WARN  no build target for: C:\Users\admin\Documents\BC\kurullo-springboot-test\src\main\java\com\example\kurullo\repository\UserRepository.java
2026.05.22 13:17:55 INFO  no build target found for C:\Users\admin\Documents\BC\kurullo-springboot-test\src\main\java\com\example\kurullo\repository\UserRepository.java. Using fallback presentation compiler.
2026.05.22 13:18:12 INFO  no build target found for C:\Users\admin\Documents\BC\kurullo-springboot-test\src\main\java\com\example\kurullo\service\AuthService.java. Using fallback presentation compiler.
2026.05.22 13:18:12 INFO  no build target found for C:\Users\admin\Documents\BC\kurullo-springboot-test\src\main\java\com\example\kurullo\service\AuthService.java. Using fallback presentation compiler.
2026.05.22 13:18:12 INFO  no build target found for C:\Users\admin\Documents\BC\kurullo-springboot-test\src\main\java\com\example\kurullo\service\AuthService.java. Using fallback presentation compiler.
2026.05.22 13:18:12 INFO  no build target found for C:\Users\admin\Documents\BC\kurullo-springboot-test\src\main\java\com\example\kurullo\service\AuthService.java. Using fallback presentation compiler.
2026.05.22 13:18:12 INFO  no build target found for C:\Users\admin\Documents\BC\kurullo-springboot-test\src\main\java\com\example\kurullo\service\AuthService.java. Using fallback presentation compiler.
2026.05.22 13:18:13 WARN  no build target for: C:\Users\admin\Documents\BC\kurullo-springboot-test\src\main\java\com\example\kurullo\service\AuthService.java
2026.05.22 13:18:13 INFO  no build target found for C:\Users\admin\Documents\BC\kurullo-springboot-test\src\main\java\com\example\kurullo\service\AuthService.java. Using fallback presentation compiler.
2026.05.22 13:18:25 INFO  no build target found for C:\Users\admin\Documents\BC\kurullo-springboot-test\src\main\java\com\example\kurullo\controller\AuthController.java. Using fallback presentation compiler.
2026.05.22 13:18:25 INFO  no build target found for C:\Users\admin\Documents\BC\kurullo-springboot-test\src\main\java\com\example\kurullo\controller\AuthController.java. Using fallback presentation compiler.
2026.05.22 13:18:25 INFO  no build target found for C:\Users\admin\Documents\BC\kurullo-springboot-test\src\main\java\com\example\kurullo\controller\AuthController.java. Using fallback presentation compiler.
2026.05.22 13:18:25 INFO  no build target found for C:\Users\admin\Documents\BC\kurullo-springboot-test\src\main\java\com\example\kurullo\controller\AuthController.java. Using fallback presentation compiler.
2026.05.22 13:18:26 WARN  no build target for: C:\Users\admin\Documents\BC\kurullo-springboot-test\src\main\java\com\example\kurullo\controller\AuthController.java
2026.05.22 13:18:26 INFO  no build target found for C:\Users\admin\Documents\BC\kurullo-springboot-test\src\main\java\com\example\kurullo\controller\AuthController.java. Using fallback presentation compiler.
2026.05.22 13:18:50 INFO  no build target found for C:\Users\admin\Documents\BC\kurullo-springboot-test\src\main\java\com\example\kurullo\security\JwtUtil.java. Using fallback presentation compiler.
2026.05.22 13:18:51 INFO  no build target found for C:\Users\admin\Documents\BC\kurullo-springboot-test\src\main\java\com\example\kurullo\security\JwtUtil.java. Using fallback presentation compiler.
2026.05.22 13:18:51 INFO  no build target found for C:\Users\admin\Documents\BC\kurullo-springboot-test\src\main\java\com\example\kurullo\security\JwtUtil.java. Using fallback presentation compiler.
2026.05.22 13:18:51 INFO  no build target found for C:\Users\admin\Documents\BC\kurullo-springboot-test\src\main\java\com\example\kurullo\security\JwtUtil.java. Using fallback presentation compiler.
2026.05.22 13:18:52 WARN  no build target for: C:\Users\admin\Documents\BC\kurullo-springboot-test\src\main\java\com\example\kurullo\security\JwtUtil.java
2026.05.22 13:18:52 INFO  no build target found for C:\Users\admin\Documents\BC\kurullo-springboot-test\src\main\java\com\example\kurullo\security\JwtUtil.java. Using fallback presentation compiler.
2026.05.22 13:19:01 INFO  no build target found for C:\Users\admin\Documents\BC\kurullo-springboot-test\src\main\java\com\example\kurullo\security\JwtFilter.java. Using fallback presentation compiler.
2026.05.22 13:19:02 INFO  no build target found for C:\Users\admin\Documents\BC\kurullo-springboot-test\src\main\java\com\example\kurullo\security\JwtFilter.java. Using fallback presentation compiler.
2026.05.22 13:19:02 INFO  no build target found for C:\Users\admin\Documents\BC\kurullo-springboot-test\src\main\java\com\example\kurullo\security\JwtFilter.java. Using fallback presentation compiler.
2026.05.22 13:19:01 INFO  no build target found for C:\Users\admin\Documents\BC\kurullo-springboot-test\src\main\java\com\example\kurullo\security\JwtFilter.java. Using fallback presentation compiler.
2026.05.22 13:19:03 WARN  no build target for: C:\Users\admin\Documents\BC\kurullo-springboot-test\src\main\java\com\example\kurullo\security\JwtFilter.java
2026.05.22 13:19:03 INFO  no build target found for C:\Users\admin\Documents\BC\kurullo-springboot-test\src\main\java\com\example\kurullo\security\JwtFilter.java. Using fallback presentation compiler.
2026.05.22 13:19:16 INFO  no build target found for C:\Users\admin\Documents\BC\kurullo-springboot-test\src\main\java\com\example\kurullo\security\SecurityConfig.java. Using fallback presentation compiler.
2026.05.22 13:19:16 INFO  no build target found for C:\Users\admin\Documents\BC\kurullo-springboot-test\src\main\java\com\example\kurullo\security\SecurityConfig.java. Using fallback presentation compiler.
2026.05.22 13:19:16 INFO  no build target found for C:\Users\admin\Documents\BC\kurullo-springboot-test\src\main\java\com\example\kurullo\security\SecurityConfig.java. Using fallback presentation compiler.
2026.05.22 13:19:16 INFO  no build target found for C:\Users\admin\Documents\BC\kurullo-springboot-test\src\main\java\com\example\kurullo\security\SecurityConfig.java. Using fallback presentation compiler.
2026.05.22 13:19:17 WARN  no build target for: C:\Users\admin\Documents\BC\kurullo-springboot-test\src\main\java\com\example\kurullo\security\SecurityConfig.java
2026.05.22 13:19:17 INFO  no build target found for C:\Users\admin\Documents\BC\kurullo-springboot-test\src\main\java\com\example\kurullo\security\SecurityConfig.java. Using fallback presentation compiler.
2026.05.22 13:19:31 INFO  no build target found for C:\Users\admin\Documents\BC\kurullo-springboot-test\src\main\java\com\example\kurullo\exception\GlobalExceptionHandler.java. Using fallback presentation compiler.
2026.05.22 13:19:32 INFO  no build target found for C:\Users\admin\Documents\BC\kurullo-springboot-test\src\main\java\com\example\kurullo\exception\GlobalExceptionHandler.java. Using fallback presentation compiler.
2026.05.22 13:19:32 INFO  no build target found for C:\Users\admin\Documents\BC\kurullo-springboot-test\src\main\java\com\example\kurullo\exception\GlobalExceptionHandler.java. Using fallback presentation compiler.
2026.05.22 13:19:32 INFO  no build target found for C:\Users\admin\Documents\BC\kurullo-springboot-test\src\main\java\com\example\kurullo\exception\GlobalExceptionHandler.java. Using fallback presentation compiler.
2026.05.22 13:19:33 WARN  no build target for: C:\Users\admin\Documents\BC\kurullo-springboot-test\src\main\java\com\example\kurullo\exception\GlobalExceptionHandler.java
2026.05.22 13:19:33 INFO  no build target found for C:\Users\admin\Documents\BC\kurullo-springboot-test\src\main\java\com\example\kurullo\exception\GlobalExceptionHandler.java. Using fallback presentation compiler.
2026.05.22 13:25:23 INFO  no build target found for C:\Users\admin\Documents\BC\kurullo-springboot-test\src\main\java\com\example\kurullo\exception\GlobalExceptionHandler.java. Using fallback presentation compiler.
2026.05.22 13:25:23 WARN  no build target for: C:\Users\admin\Documents\BC\kurullo-springboot-test\src\main\java\com\example\kurullo\exception\GlobalExceptionHandler.java
2026.05.22 13:25:23 INFO  no build target found for C:\Users\admin\Documents\BC\kurullo-springboot-test\src\main\java\com\example\kurullo\exception\GlobalExceptionHandler.java. Using fallback presentation compiler.
2026.05.22 13:25:27 INFO  no build target found for C:\Users\admin\Documents\BC\kurullo-springboot-test\src\main\java\com\example\kurullo\security\SecurityConfig.java. Using fallback presentation compiler.
2026.05.22 13:25:28 INFO  no build target found for C:\Users\admin\Documents\BC\kurullo-springboot-test\src\main\java\com\example\kurullo\service\AuthService.java. Using fallback presentation compiler.
2026.05.22 13:25:28 INFO  no build target found for C:\Users\admin\Documents\BC\kurullo-springboot-test\src\main\java\com\example\kurullo\repository\UserRepository.java. Using fallback presentation compiler.
2026.05.22 13:25:30 INFO  no build target found for C:\Users\admin\Documents\BC\kurullo-springboot-test\src\main\java\com\example\kurullo\dto\LoginResponse.java. Using fallback presentation compiler.
2026.05.22 13:25:30 INFO  no build target found for C:\Users\admin\Documents\BC\kurullo-springboot-test\src\main\java\com\example\kurullo\dto\LoginRequest.java. Using fallback presentation compiler.
2026.05.22 13:25:32 INFO  no build target found for C:\Users\admin\Documents\BC\kurullo-springboot-test\src\main\java\com\example\kurullo\model\User.java. Using fallback presentation compiler.
2026.05.22 13:25:33 INFO  no build target found for C:\Users\admin\Documents\BC\kurullo-springboot-test\src\main\java\com\example\kurullo\controller\AuthController.java. Using fallback presentation compiler.
2026.05.22 13:25:34 INFO  no build target found for C:\Users\admin\Documents\BC\kurullo-springboot-test\src\main\java\com\example\kurullo\security\JwtUtil.java. Using fallback presentation compiler.
2026.05.22 13:25:35 INFO  no build target found for C:\Users\admin\Documents\BC\kurullo-springboot-test\src\main\java\com\example\kurullo\security\JwtFilter.java. Using fallback presentation compiler.
2026.05.22 13:25:37 INFO  no build target found for C:\Users\admin\Documents\BC\kurullo-springboot-test\src\main\java\com\example\kurullo\exception\GlobalExceptionHandler.java. Using fallback presentation compiler.
2026.05.22 14:15:50 INFO  no build target found for C:\Users\admin\Documents\BC\kurullo-springboot-test\src\main\java\com\example\kurullo\model\User.java. Using fallback presentation compiler.
2026.05.22 14:15:50 INFO  no build target found for C:\Users\admin\Documents\BC\kurullo-springboot-test\src\main\java\com\example\kurullo\model\User.java. Using fallback presentation compiler.
2026.05.22 14:15:51 INFO  no build target found for C:\Users\admin\Documents\BC\kurullo-springboot-test\src\main\java\com\example\kurullo\model\User.java. Using fallback presentation compiler.
2026.05.22 14:15:51 INFO  no build target found for C:\Users\admin\Documents\BC\kurullo-springboot-test\src\main\java\com\example\kurullo\model\User.java. Using fallback presentation compiler.
2026.05.22 14:15:52 INFO  no build target found for C:\Users\admin\Documents\BC\kurullo-springboot-test\src\main\java\com\example\kurullo\model\User.java. Using fallback presentation compiler.
2026.05.22 14:15:52 INFO  no build target found for C:\Users\admin\Documents\BC\kurullo-springboot-test\src\main\java\com\example\kurullo\model\User.java. Using fallback presentation compiler.
May 22, 2026 2:15:53 PM org.eclipse.lsp4j.jsonrpc.RemoteEndpoint handleCancellation
WARNING: Unmatched cancel notification for request id 183
2026.05.22 14:15:52 INFO  no build target found for C:\Users\admin\Documents\BC\kurullo-springboot-test\src\main\java\com\example\kurullo\model\User.java. Using fallback presentation compiler.
2026.05.22 14:15:54 INFO  no build target found for C:\Users\admin\Documents\BC\kurullo-springboot-test\src\main\java\com\example\kurullo\model\User.java. Using fallback presentation compiler.
2026.05.22 14:15:54 INFO  no build target found for C:\Users\admin\Documents\BC\kurullo-springboot-test\src\main\java\com\example\kurullo\model\User.java. Using fallback presentation compiler.
May 22, 2026 2:15:54 PM org.eclipse.lsp4j.jsonrpc.RemoteEndpoint handleCancellation
WARNING: Unmatched cancel notification for request id 186
2026.05.22 14:15:54 WARN  no build target for: C:\Users\admin\Documents\BC\kurullo-springboot-test\src\main\java\com\example\kurullo\model\User.java
2026.05.22 14:15:54 INFO  no build target found for C:\Users\admin\Documents\BC\kurullo-springboot-test\src\main\java\com\example\kurullo\model\User.java. Using fallback presentation compiler.
2026.05.22 14:15:56 INFO  no build target found for C:\Users\admin\Documents\BC\kurullo-springboot-test\src\main\java\com\example\kurullo\model\User.java. Using fallback presentation compiler.
2026.05.22 14:15:56 INFO  no build target found for C:\Users\admin\Documents\BC\kurullo-springboot-test\src\main\java\com\example\kurullo\model\User.java. Using fallback presentation compiler.
2026.05.22 14:15:56 INFO  no build target found for C:\Users\admin\Documents\BC\kurullo-springboot-test\src\main\java\com\example\kurullo\model\User.java. Using fallback presentation compiler.
2026.05.22 14:15:56 INFO  no build target found for C:\Users\admin\Documents\BC\kurullo-springboot-test\src\main\java\com\example\kurullo\model\User.java. Using fallback presentation compiler.
2026.05.22 14:15:56 INFO  no build target found for C:\Users\admin\Documents\BC\kurullo-springboot-test\src\main\java\com\example\kurullo\model\User.java. Using fallback presentation compiler.
2026.05.22 14:15:57 INFO  no build target found for C:\Users\admin\Documents\BC\kurullo-springboot-test\src\main\java\com\example\kurullo\model\User.java. Using fallback presentation compiler.
2026.05.22 14:15:57 INFO  no build target found for C:\Users\admin\Documents\BC\kurullo-springboot-test\src\main\java\com\example\kurullo\model\User.java. Using fallback presentation compiler.
2026.05.22 14:23:28 INFO  no build target found for C:\Users\admin\Documents\BC\kurullo-springboot-test\src\main\java\com\example\kurullo\dto\LoginRequest.java. Using fallback presentation compiler.
2026.05.22 14:23:28 INFO  no build target found for C:\Users\admin\Documents\BC\kurullo-springboot-test\src\main\java\com\example\kurullo\dto\LoginRequest.java. Using fallback presentation compiler.
2026.05.22 14:23:30 INFO  no build target found for C:\Users\admin\Documents\BC\kurullo-springboot-test\src\main\java\com\example\kurullo\dto\LoginRequest.java. Using fallback presentation compiler.
2026.05.22 14:23:30 INFO  no build target found for C:\Users\admin\Documents\BC\kurullo-springboot-test\src\main\java\com\example\kurullo\dto\LoginRequest.java. Using fallback presentation compiler.
2026.05.22 14:23:30 INFO  no build target found for C:\Users\admin\Documents\BC\kurullo-springboot-test\src\main\java\com\example\kurullo\dto\LoginRequest.java. Using fallback presentation compiler.
2026.05.22 14:23:30 INFO  no build target found for C:\Users\admin\Documents\BC\kurullo-springboot-test\src\main\java\com\example\kurullo\dto\LoginRequest.java. Using fallback presentation compiler.
2026.05.22 14:23:30 INFO  no build target found for C:\Users\admin\Documents\BC\kurullo-springboot-test\src\main\java\com\example\kurullo\dto\LoginRequest.java. Using fallback presentation compiler.
2026.05.22 14:23:31 INFO  no build target found for C:\Users\admin\Documents\BC\kurullo-springboot-test\src\main\java\com\example\kurullo\dto\LoginRequest.java. Using fallback presentation compiler.
2026.05.22 14:23:32 WARN  no build target for: C:\Users\admin\Documents\BC\kurullo-springboot-test\src\main\java\com\example\kurullo\dto\LoginRequest.java
2026.05.22 14:23:32 INFO  no build target found for C:\Users\admin\Documents\BC\kurullo-springboot-test\src\main\java\com\example\kurullo\dto\LoginRequest.java. Using fallback presentation compiler.
2026.05.22 14:23:33 INFO  no build target found for C:\Users\admin\Documents\BC\kurullo-springboot-test\src\main\java\com\example\kurullo\dto\LoginResponse.java. Using fallback presentation compiler.
2026.05.22 14:23:33 INFO  no build target found for C:\Users\admin\Documents\BC\kurullo-springboot-test\src\main\java\com\example\kurullo\dto\LoginResponse.java. Using fallback presentation compiler.
2026.05.22 14:23:42 INFO  no build target found for C:\Users\admin\Documents\BC\kurullo-springboot-test\src\main\java\com\example\kurullo\dto\LoginResponse.java. Using fallback presentation compiler.
2026.05.22 14:23:42 INFO  no build target found for C:\Users\admin\Documents\BC\kurullo-springboot-test\src\main\java\com\example\kurullo\dto\LoginResponse.java. Using fallback presentation compiler.
2026.05.22 14:23:42 INFO  no build target found for C:\Users\admin\Documents\BC\kurullo-springboot-test\src\main\java\com\example\kurullo\dto\LoginResponse.java. Using fallback presentation compiler.
2026.05.22 14:23:42 INFO  no build target found for C:\Users\admin\Documents\BC\kurullo-springboot-test\src\main\java\com\example\kurullo\dto\LoginResponse.java. Using fallback presentation compiler.
2026.05.22 14:23:43 INFO  no build target found for C:\Users\admin\Documents\BC\kurullo-springboot-test\src\main\java\com\example\kurullo\dto\LoginResponse.java. Using fallback presentation compiler.
2026.05.22 14:23:43 INFO  no build target found for C:\Users\admin\Documents\BC\kurullo-springboot-test\src\main\java\com\example\kurullo\dto\LoginResponse.java. Using fallback presentation compiler.
2026.05.22 14:23:44 WARN  no build target for: C:\Users\admin\Documents\BC\kurullo-springboot-test\src\main\java\com\example\kurullo\dto\LoginResponse.java
2026.05.22 14:23:44 INFO  no build target found for C:\Users\admin\Documents\BC\kurullo-springboot-test\src\main\java\com\example\kurullo\dto\LoginResponse.java. Using fallback presentation compiler.
2026.05.22 14:23:54 INFO  no build target found for C:\Users\admin\Documents\BC\kurullo-springboot-test\src\main\java\com\example\kurullo\repository\UserRepository.java. Using fallback presentation compiler.
2026.05.22 14:23:55 INFO  no build target found for C:\Users\admin\Documents\BC\kurullo-springboot-test\src\main\java\com\example\kurullo\repository\UserRepository.java. Using fallback presentation compiler.
2026.05.22 14:23:54 INFO  no build target found for C:\Users\admin\Documents\BC\kurullo-springboot-test\src\main\java\com\example\kurullo\repository\UserRepository.java. Using fallback presentation compiler.
2026.05.22 14:23:55 INFO  no build target found for C:\Users\admin\Documents\BC\kurullo-springboot-test\src\main\java\com\example\kurullo\repository\UserRepository.java. Using fallback presentation compiler.
2026.05.22 14:23:55 INFO  no build target found for C:\Users\admin\Documents\BC\kurullo-springboot-test\src\main\java\com\example\kurullo\repository\UserRepository.java. Using fallback presentation compiler.
2026.05.22 14:23:55 INFO  no build target found for C:\Users\admin\Documents\BC\kurullo-springboot-test\src\main\java\com\example\kurullo\repository\UserRepository.java. Using fallback presentation compiler.
2026.05.22 14:23:55 INFO  no build target found for C:\Users\admin\Documents\BC\kurullo-springboot-test\src\main\java\com\example\kurullo\repository\UserRepository.java. Using fallback presentation compiler.
2026.05.22 14:23:56 INFO  no build target found for C:\Users\admin\Documents\BC\kurullo-springboot-test\src\main\java\com\example\kurullo\repository\UserRepository.java. Using fallback presentation compiler.
2026.05.22 14:23:56 WARN  no build target for: C:\Users\admin\Documents\BC\kurullo-springboot-test\src\main\java\com\example\kurullo\repository\UserRepository.java
2026.05.22 14:23:57 INFO  no build target found for C:\Users\admin\Documents\BC\kurullo-springboot-test\src\main\java\com\example\kurullo\repository\UserRepository.java. Using fallback presentation compiler.
2026.05.22 14:24:09 INFO  no build target found for C:\Users\admin\Documents\BC\kurullo-springboot-test\src\main\java\com\example\kurullo\security\JwtUtil.java. Using fallback presentation compiler.
2026.05.22 14:24:09 INFO  no build target found for C:\Users\admin\Documents\BC\kurullo-springboot-test\src\main\java\com\example\kurullo\security\JwtUtil.java. Using fallback presentation compiler.
2026.05.22 14:24:09 INFO  no build target found for C:\Users\admin\Documents\BC\kurullo-springboot-test\src\main\java\com\example\kurullo\security\JwtUtil.java. Using fallback presentation compiler.
2026.05.22 14:24:09 INFO  no build target found for C:\Users\admin\Documents\BC\kurullo-springboot-test\src\main\java\com\example\kurullo\security\JwtUtil.java. Using fallback presentation compiler.
2026.05.22 14:24:09 INFO  no build target found for C:\Users\admin\Documents\BC\kurullo-springboot-test\src\main\java\com\example\kurullo\security\JwtUtil.java. Using fallback presentation compiler.
2026.05.22 14:24:10 INFO  no build target found for C:\Users\admin\Documents\BC\kurullo-springboot-test\src\main\java\com\example\kurullo\security\JwtUtil.java. Using fallback presentation compiler.
2026.05.22 14:24:10 INFO  no build target found for C:\Users\admin\Documents\BC\kurullo-springboot-test\src\main\java\com\example\kurullo\security\JwtUtil.java. Using fallback presentation compiler.
2026.05.22 14:24:10 INFO  no build target found for C:\Users\admin\Documents\BC\kurullo-springboot-test\src\main\java\com\example\kurullo\security\JwtUtil.java. Using fallback presentation compiler.
2026.05.22 14:24:10 INFO  no build target found for C:\Users\admin\Documents\BC\kurullo-springboot-test\src\main\java\com\example\kurullo\security\JwtUtil.java. Using fallback presentation compiler.
2026.05.22 14:24:11 INFO  no build target found for C:\Users\admin\Documents\BC\kurullo-springboot-test\src\main\java\com\example\kurullo\security\JwtUtil.java. Using fallback presentation compiler.
2026.05.22 14:24:12 WARN  no build target for: C:\Users\admin\Documents\BC\kurullo-springboot-test\src\main\java\com\example\kurullo\security\JwtUtil.java
2026.05.22 14:24:12 INFO  no build target found for C:\Users\admin\Documents\BC\kurullo-springboot-test\src\main\java\com\example\kurullo\security\JwtUtil.java. Using fallback presentation compiler.
2026.05.22 14:24:21 INFO  no build target found for C:\Users\admin\Documents\BC\kurullo-springboot-test\src\main\java\com\example\kurullo\security\JwtFilter.java. Using fallback presentation compiler.
2026.05.22 14:24:21 INFO  no build target found for C:\Users\admin\Documents\BC\kurullo-springboot-test\src\main\java\com\example\kurullo\security\JwtFilter.java. Using fallback presentation compiler.
2026.05.22 14:24:21 INFO  no build target found for C:\Users\admin\Documents\BC\kurullo-springboot-test\src\main\java\com\example\kurullo\security\JwtFilter.java. Using fallback presentation compiler.
2026.05.22 14:24:21 INFO  no build target found for C:\Users\admin\Documents\BC\kurullo-springboot-test\src\main\java\com\example\kurullo\security\JwtFilter.java. Using fallback presentation compiler.
2026.05.22 14:24:21 INFO  no build target found for C:\Users\admin\Documents\BC\kurullo-springboot-test\src\main\java\com\example\kurullo\security\JwtFilter.java. Using fallback presentation compiler.
2026.05.22 14:24:23 INFO  no build target found for C:\Users\admin\Documents\BC\kurullo-springboot-test\src\main\java\com\example\kurullo\security\JwtFilter.java. Using fallback presentation compiler.
2026.05.22 14:24:23 INFO  no build target found for C:\Users\admin\Documents\BC\kurullo-springboot-test\src\main\java\com\example\kurullo\security\JwtFilter.java. Using fallback presentation compiler.
2026.05.22 14:24:23 INFO  no build target found for C:\Users\admin\Documents\BC\kurullo-springboot-test\src\main\java\com\example\kurullo\security\JwtFilter.java. Using fallback presentation compiler.
2026.05.22 14:24:23 INFO  no build target found for C:\Users\admin\Documents\BC\kurullo-springboot-test\src\main\java\com\example\kurullo\security\JwtFilter.java. Using fallback presentation compiler.
2026.05.22 14:24:23 INFO  no build target found for C:\Users\admin\Documents\BC\kurullo-springboot-test\src\main\java\com\example\kurullo\security\JwtFilter.java. Using fallback presentation compiler.
2026.05.22 14:24:24 INFO  no build target found for C:\Users\admin\Documents\BC\kurullo-springboot-test\src\main\java\com\example\kurullo\security\JwtFilter.java. Using fallback presentation compiler.
May 22, 2026 2:24:24 PM org.eclipse.lsp4j.jsonrpc.RemoteEndpoint handleCancellation
WARNING: Unmatched cancel notification for request id 311
2026.05.22 14:24:24 WARN  no build target for: C:\Users\admin\Documents\BC\kurullo-springboot-test\src\main\java\com\example\kurullo\security\JwtFilter.java
2026.05.22 14:24:24 INFO  no build target found for C:\Users\admin\Documents\BC\kurullo-springboot-test\src\main\java\com\example\kurullo\security\JwtFilter.java. Using fallback presentation compiler.
2026.05.22 14:24:25 INFO  no build target found for C:\Users\admin\Documents\BC\kurullo-springboot-test\src\main\java\com\example\kurullo\security\JwtFilter.java. Using fallback presentation compiler.
2026.05.22 14:24:28 INFO  no build target found for C:\Users\admin\Documents\BC\kurullo-springboot-test\src\main\java\com\example\kurullo\security\JwtFilter.java. Using fallback presentation compiler.
2026.05.22 14:24:28 INFO  no build target found for C:\Users\admin\Documents\BC\kurullo-springboot-test\src\main\java\com\example\kurullo\security\JwtFilter.java. Using fallback presentation compiler.
2026.05.22 14:24:28 INFO  no build target found for C:\Users\admin\Documents\BC\kurullo-springboot-test\src\main\java\com\example\kurullo\security\JwtFilter.java. Using fallback presentation compiler.
2026.05.22 14:24:28 INFO  no build target found for C:\Users\admin\Documents\BC\kurullo-springboot-test\src\main\java\com\example\kurullo\security\JwtFilter.java. Using fallback presentation compiler.
2026.05.22 14:24:44 INFO  no build target found for C:\Users\admin\Documents\BC\kurullo-springboot-test\src\main\java\com\example\kurullo\security\JwtFilter.java. Using fallback presentation compiler.
2026.05.22 14:24:46 INFO  no build target found for C:\Users\admin\Documents\BC\kurullo-springboot-test\src\main\java\com\example\kurullo\security\SecurityConfig.java. Using fallback presentation compiler.
2026.05.22 14:24:46 INFO  no build target found for C:\Users\admin\Documents\BC\kurullo-springboot-test\src\main\java\com\example\kurullo\security\SecurityConfig.java. Using fallback presentation compiler.
2026.05.22 14:24:46 INFO  no build target found for C:\Users\admin\Documents\BC\kurullo-springboot-test\src\main\java\com\example\kurullo\security\SecurityConfig.java. Using fallback presentation compiler.
2026.05.22 14:24:46 INFO  no build target found for C:\Users\admin\Documents\BC\kurullo-springboot-test\src\main\java\com\example\kurullo\security\SecurityConfig.java. Using fallback presentation compiler.
2026.05.22 14:24:47 INFO  no build target found for C:\Users\admin\Documents\BC\kurullo-springboot-test\src\main\java\com\example\kurullo\security\SecurityConfig.java. Using fallback presentation compiler.
2026.05.22 14:24:47 INFO  no build target found for C:\Users\admin\Documents\BC\kurullo-springboot-test\src\main\java\com\example\kurullo\security\SecurityConfig.java. Using fallback presentation compiler.
2026.05.22 14:24:47 INFO  no build target found for C:\Users\admin\Documents\BC\kurullo-springboot-test\src\main\java\com\example\kurullo\security\SecurityConfig.java. Using fallback presentation compiler.
2026.05.22 14:24:47 INFO  no build target found for C:\Users\admin\Documents\BC\kurullo-springboot-test\src\main\java\com\example\kurullo\security\SecurityConfig.java. Using fallback presentation compiler.
2026.05.22 14:24:47 INFO  no build target found for C:\Users\admin\Documents\BC\kurullo-springboot-test\src\main\java\com\example\kurullo\security\SecurityConfig.java. Using fallback presentation compiler.
2026.05.22 14:24:48 INFO  no build target found for C:\Users\admin\Documents\BC\kurullo-springboot-test\src\main\java\com\example\kurullo\security\SecurityConfig.java. Using fallback presentation compiler.
2026.05.22 14:24:48 INFO  no build target found for C:\Users\admin\Documents\BC\kurullo-springboot-test\src\main\java\com\example\kurullo\security\SecurityConfig.java. Using fallback presentation compiler.
2026.05.22 14:24:48 WARN  no build target for: C:\Users\admin\Documents\BC\kurullo-springboot-test\src\main\java\com\example\kurullo\security\SecurityConfig.java
2026.05.22 14:24:48 INFO  no build target found for C:\Users\admin\Documents\BC\kurullo-springboot-test\src\main\java\com\example\kurullo\security\SecurityConfig.java. Using fallback presentation compiler.
2026.05.22 14:24:48 INFO  no build target found for C:\Users\admin\Documents\BC\kurullo-springboot-test\src\main\java\com\example\kurullo\security\SecurityConfig.java. Using fallback presentation compiler.
2026.05.22 14:24:50 INFO  no build target found for C:\Users\admin\Documents\BC\kurullo-springboot-test\src\main\java\com\example\kurullo\security\SecurityConfig.java. Using fallback presentation compiler.
2026.05.22 14:25:06 INFO  no build target found for C:\Users\admin\Documents\BC\kurullo-springboot-test\src\main\java\com\example\kurullo\security\SecurityConfig.java. Using fallback presentation compiler.
2026.05.22 14:25:08 INFO  no build target found for C:\Users\admin\Documents\BC\kurullo-springboot-test\src\main\java\com\example\kurullo\security\SecurityConfig.java. Using fallback presentation compiler.
2026.05.22 14:25:08 INFO  no build target found for C:\Users\admin\Documents\BC\kurullo-springboot-test\src\main\java\com\example\kurullo\security\SecurityConfig.java. Using fallback presentation compiler.
2026.05.22 14:25:08 INFO  no build target found for C:\Users\admin\Documents\BC\kurullo-springboot-test\src\main\java\com\example\kurullo\security\SecurityConfig.java. Using fallback presentation compiler.
2026.05.22 14:25:08 INFO  no build target found for C:\Users\admin\Documents\BC\kurullo-springboot-test\src\main\java\com\example\kurullo\security\SecurityConfig.java. Using fallback presentation compiler.
May 22, 2026 2:25:09 PM org.eclipse.lsp4j.jsonrpc.RemoteEndpoint handleCancellation
WARNING: Unmatched cancel notification for request id 362
2026.05.22 14:25:08 INFO  no build target found for C:\Users\admin\Documents\BC\kurullo-springboot-test\src\main\java\com\example\kurullo\security\SecurityConfig.java. Using fallback presentation compiler.
2026.05.22 14:25:08 INFO  no build target found for C:\Users\admin\Documents\BC\kurullo-springboot-test\src\main\java\com\example\kurullo\security\SecurityConfig.java. Using fallback presentation compiler.
2026.05.22 14:25:19 INFO  no build target found for C:\Users\admin\Documents\BC\kurullo-springboot-test\src\main\java\com\example\kurullo\security\SecurityConfig.java. Using fallback presentation compiler.
2026.05.22 14:25:19 INFO  no build target found for C:\Users\admin\Documents\BC\kurullo-springboot-test\src\main\java\com\example\kurullo\security\SecurityConfig.java. Using fallback presentation compiler.
May 22, 2026 2:25:19 PM org.eclipse.lsp4j.jsonrpc.RemoteEndpoint handleCancellation
WARNING: Unmatched cancel notification for request id 368
2026.05.22 14:25:19 INFO  no build target found for C:\Users\admin\Documents\BC\kurullo-springboot-test\src\main\java\com\example\kurullo\security\SecurityConfig.java. Using fallback presentation compiler.
2026.05.22 14:25:19 INFO  no build target found for C:\Users\admin\Documents\BC\kurullo-springboot-test\src\main\java\com\example\kurullo\security\oAuth2LoginSuccessHandler.java. Using fallback presentation compiler.
2026.05.22 14:25:20 INFO  no build target found for C:\Users\admin\Documents\BC\kurullo-springboot-test\src\main\java\com\example\kurullo\security\oAuth2LoginSuccessHandler.java. Using fallback presentation compiler.
2026.05.22 14:25:20 INFO  no build target found for C:\Users\admin\Documents\BC\kurullo-springboot-test\src\main\java\com\example\kurullo\security\oAuth2LoginSuccessHandler.java. Using fallback presentation compiler.
2026.05.22 14:25:20 INFO  no build target found for C:\Users\admin\Documents\BC\kurullo-springboot-test\src\main\java\com\example\kurullo\security\oAuth2LoginSuccessHandler.java. Using fallback presentation compiler.
2026.05.22 14:25:20 INFO  no build target found for C:\Users\admin\Documents\BC\kurullo-springboot-test\src\main\java\com\example\kurullo\security\oAuth2LoginSuccessHandler.java. Using fallback presentation compiler.
2026.05.22 14:25:21 WARN  no build target for: C:\Users\admin\Documents\BC\kurullo-springboot-test\src\main\java\com\example\kurullo\security\oAuth2LoginSuccessHandler.java
2026.05.22 14:25:21 INFO  no build target found for C:\Users\admin\Documents\BC\kurullo-springboot-test\src\main\java\com\example\kurullo\security\oAuth2LoginSuccessHandler.java. Using fallback presentation compiler.
2026.05.22 14:25:38 INFO  no build target found for C:\Users\admin\Documents\BC\kurullo-springboot-test\src\main\java\com\example\kurullo\security\)Auth2LoginSuccessHandler.java. Using fallback presentation compiler.
2026.05.22 14:25:38 INFO  no build target found for c:\Users\admin\Documents\BC\kurullo-springboot-test\src\main\java\com\example\kurullo\security\oAuth2LoginSuccessHandler.java. Using fallback presentation compiler.
2026.05.22 14:25:38 INFO  no build target found for C:\Users\admin\Documents\BC\kurullo-springboot-test\src\main\java\com\example\kurullo\security\)Auth2LoginSuccessHandler.java. Using fallback presentation compiler.
May 22, 2026 2:25:38 PM org.eclipse.lsp4j.jsonrpc.RemoteEndpoint handleCancellation
WARNING: Unmatched cancel notification for request id 386
2026.05.22 14:25:38 INFO  no build target found for C:\Users\admin\Documents\BC\kurullo-springboot-test\src\main\java\com\example\kurullo\security\)Auth2LoginSuccessHandler.java. Using fallback presentation compiler.
May 22, 2026 2:25:38 PM org.eclipse.lsp4j.jsonrpc.RemoteEndpoint handleCancellation
WARNING: Unmatched cancel notification for request id 390
2026.05.22 14:25:38 INFO  no build target found for C:\Users\admin\Documents\BC\kurullo-springboot-test\src\main\java\com\example\kurullo\security\)Auth2LoginSuccessHandler.java. Using fallback presentation compiler.
2026.05.22 14:25:38 INFO  no build target found for C:\Users\admin\Documents\BC\kurullo-springboot-test\src\main\java\com\example\kurullo\security\)Auth2LoginSuccessHandler.java. Using fallback presentation compiler.
2026.05.22 14:25:39 INFO  no build target found for C:\Users\admin\Documents\BC\kurullo-springboot-test\src\main\java\com\example\kurullo\security\)Auth2LoginSuccessHandler.java. Using fallback presentation compiler.
2026.05.22 14:25:40 INFO  no build target found for C:\Users\admin\Documents\BC\kurullo-springboot-test\src\main\java\com\example\kurullo\security\)Auth2LoginSuccessHandler.java. Using fallback presentation compiler.
2026.05.22 14:25:44 INFO  no build target found for c:\Users\admin\Documents\BC\kurullo-springboot-test\src\main\java\com\example\kurullo\security\)Auth2LoginSuccessHandler.java. Using fallback presentation compiler.
2026.05.22 14:25:44 INFO  no build target found for C:\Users\admin\Documents\BC\kurullo-springboot-test\src\main\java\com\example\kurullo\security\OAuth2LoginSuccessHandler.java. Using fallback presentation compiler.
2026.05.22 14:25:44 INFO  no build target found for C:\Users\admin\Documents\BC\kurullo-springboot-test\src\main\java\com\example\kurullo\security\OAuth2LoginSuccessHandler.java. Using fallback presentation compiler.
2026.05.22 14:25:44 INFO  no build target found for C:\Users\admin\Documents\BC\kurullo-springboot-test\src\main\java\com\example\kurullo\security\OAuth2LoginSuccessHandler.java. Using fallback presentation compiler.
2026.05.22 14:25:44 INFO  no build target found for C:\Users\admin\Documents\BC\kurullo-springboot-test\src\main\java\com\example\kurullo\security\OAuth2LoginSuccessHandler.java. Using fallback presentation compiler.
2026.05.22 14:25:56 INFO  no build target found for C:\Users\admin\Documents\BC\kurullo-springboot-test\src\main\java\com\example\kurullo\security\OAuth2LoginSuccessHandler.java. Using fallback presentation compiler.
2026.05.22 14:25:56 INFO  no build target found for C:\Users\admin\Documents\BC\kurullo-springboot-test\src\main\java\com\example\kurullo\security\OAuth2LoginSuccessHandler.java. Using fallback presentation compiler.
2026.05.22 14:25:56 INFO  no build target found for C:\Users\admin\Documents\BC\kurullo-springboot-test\src\main\java\com\example\kurullo\security\OAuth2LoginSuccessHandler.java. Using fallback presentation compiler.
2026.05.22 14:25:56 INFO  no build target found for C:\Users\admin\Documents\BC\kurullo-springboot-test\src\main\java\com\example\kurullo\security\OAuth2LoginSuccessHandler.java. Using fallback presentation compiler.
2026.05.22 14:25:56 INFO  no build target found for C:\Users\admin\Documents\BC\kurullo-springboot-test\src\main\java\com\example\kurullo\security\OAuth2LoginSuccessHandler.java. Using fallback presentation compiler.
2026.05.22 14:25:57 INFO  no build target found for C:\Users\admin\Documents\BC\kurullo-springboot-test\src\main\java\com\example\kurullo\security\OAuth2LoginSuccessHandler.java. Using fallback presentation compiler.
2026.05.22 14:25:58 INFO  no build target found for C:\Users\admin\Documents\BC\kurullo-springboot-test\src\main\java\com\example\kurullo\security\OAuth2LoginSuccessHandler.java. Using fallback presentation compiler.
2026.05.22 14:25:58 INFO  no build target found for C:\Users\admin\Documents\BC\kurullo-springboot-test\src\main\java\com\example\kurullo\security\OAuth2LoginSuccessHandler.java. Using fallback presentation compiler.
2026.05.22 14:25:58 WARN  no build target for: C:\Users\admin\Documents\BC\kurullo-springboot-test\src\main\java\com\example\kurullo\security\OAuth2LoginSuccessHandler.java
2026.05.22 14:25:58 INFO  no build target found for C:\Users\admin\Documents\BC\kurullo-springboot-test\src\main\java\com\example\kurullo\security\OAuth2LoginSuccessHandler.java. Using fallback presentation compiler.
2026.05.22 14:26:06 INFO  no build target found for C:\Users\admin\Documents\BC\kurullo-springboot-test\src\main\java\com\example\kurullo\service\AuthService.java. Using fallback presentation compiler.
2026.05.22 14:26:06 INFO  no build target found for C:\Users\admin\Documents\BC\kurullo-springboot-test\src\main\java\com\example\kurullo\service\AuthService.java. Using fallback presentation compiler.
2026.05.22 14:26:06 INFO  no build target found for C:\Users\admin\Documents\BC\kurullo-springboot-test\src\main\java\com\example\kurullo\service\AuthService.java. Using fallback presentation compiler.
2026.05.22 14:26:06 INFO  no build target found for C:\Users\admin\Documents\BC\kurullo-springboot-test\src\main\java\com\example\kurullo\service\AuthService.java. Using fallback presentation compiler.
2026.05.22 14:26:06 INFO  no build target found for C:\Users\admin\Documents\BC\kurullo-springboot-test\src\main\java\com\example\kurullo\service\AuthService.java. Using fallback presentation compiler.
2026.05.22 14:26:07 INFO  no build target found for C:\Users\admin\Documents\BC\kurullo-springboot-test\src\main\java\com\example\kurullo\service\AuthService.java. Using fallback presentation compiler.
2026.05.22 14:26:13 INFO  no build target found for C:\Users\admin\Documents\BC\kurullo-springboot-test\src\main\java\com\example\kurullo\service\AuthService.java. Using fallback presentation compiler.
2026.05.22 14:26:13 INFO  no build target found for C:\Users\admin\Documents\BC\kurullo-springboot-test\src\main\java\com\example\kurullo\service\AuthService.java. Using fallback presentation compiler.
2026.05.22 14:26:13 INFO  no build target found for C:\Users\admin\Documents\BC\kurullo-springboot-test\src\main\java\com\example\kurullo\service\AuthService.java. Using fallback presentation compiler.
2026.05.22 14:26:13 INFO  no build target found for C:\Users\admin\Documents\BC\kurullo-springboot-test\src\main\java\com\example\kurullo\service\AuthService.java. Using fallback presentation compiler.
2026.05.22 14:26:13 INFO  no build target found for C:\Users\admin\Documents\BC\kurullo-springboot-test\src\main\java\com\example\kurullo\service\AuthService.java. Using fallback presentation compiler.
2026.05.22 14:26:14 WARN  no build target for: C:\Users\admin\Documents\BC\kurullo-springboot-test\src\main\java\com\example\kurullo\service\AuthService.java
2026.05.22 14:26:14 INFO  no build target found for C:\Users\admin\Documents\BC\kurullo-springboot-test\src\main\java\com\example\kurullo\service\AuthService.java. Using fallback presentation compiler.
2026.05.22 14:26:28 INFO  no build target found for C:\Users\admin\Documents\BC\kurullo-springboot-test\src\main\java\com\example\kurullo\controller\AuthController.java. Using fallback presentation compiler.
2026.05.22 14:26:28 INFO  no build target found for C:\Users\admin\Documents\BC\kurullo-springboot-test\src\main\java\com\example\kurullo\controller\AuthController.java. Using fallback presentation compiler.
2026.05.22 14:26:28 INFO  no build target found for C:\Users\admin\Documents\BC\kurullo-springboot-test\src\main\java\com\example\kurullo\controller\AuthController.java. Using fallback presentation compiler.
2026.05.22 14:26:28 INFO  no build target found for C:\Users\admin\Documents\BC\kurullo-springboot-test\src\main\java\com\example\kurullo\controller\AuthController.java. Using fallback presentation compiler.
2026.05.22 14:26:28 INFO  no build target found for C:\Users\admin\Documents\BC\kurullo-springboot-test\src\main\java\com\example\kurullo\controller\AuthController.java. Using fallback presentation compiler.
2026.05.22 14:26:29 INFO  no build target found for C:\Users\admin\Documents\BC\kurullo-springboot-test\src\main\java\com\example\kurullo\controller\AuthController.java. Using fallback presentation compiler.
2026.05.22 14:26:29 INFO  no build target found for C:\Users\admin\Documents\BC\kurullo-springboot-test\src\main\java\com\example\kurullo\controller\AuthController.java. Using fallback presentation compiler.
2026.05.22 14:26:29 INFO  no build target found for C:\Users\admin\Documents\BC\kurullo-springboot-test\src\main\java\com\example\kurullo\controller\AuthController.java. Using fallback presentation compiler.
2026.05.22 14:26:29 INFO  no build target found for C:\Users\admin\Documents\BC\kurullo-springboot-test\src\main\java\com\example\kurullo\controller\AuthController.java. Using fallback presentation compiler.
2026.05.22 14:26:30 INFO  no build target found for C:\Users\admin\Documents\BC\kurullo-springboot-test\src\main\java\com\example\kurullo\controller\AuthController.java. Using fallback presentation compiler.
2026.05.22 14:26:30 WARN  no build target for: C:\Users\admin\Documents\BC\kurullo-springboot-test\src\main\java\com\example\kurullo\controller\AuthController.java
2026.05.22 14:26:30 INFO  no build target found for C:\Users\admin\Documents\BC\kurullo-springboot-test\src\main\java\com\example\kurullo\controller\AuthController.java. Using fallback presentation compiler.
2026.05.22 14:26:36 INFO  no build target found for C:\Users\admin\Documents\BC\kurullo-springboot-test\src\main\java\com\example\kurullo\controller\AuthController.java. Using fallback presentation compiler.
2026.05.22 14:26:50 INFO  no build target found for C:\Users\admin\Documents\BC\kurullo-springboot-test\src\main\java\com\example\kurullo\exception\GlobalExceptionHandler.java. Using fallback presentation compiler.
2026.05.22 14:26:50 INFO  no build target found for C:\Users\admin\Documents\BC\kurullo-springboot-test\src\main\java\com\example\kurullo\exception\GlobalExceptionHandler.java. Using fallback presentation compiler.
2026.05.22 14:26:50 INFO  no build target found for C:\Users\admin\Documents\BC\kurullo-springboot-test\src\main\java\com\example\kurullo\exception\GlobalExceptionHandler.java. Using fallback presentation compiler.
2026.05.22 14:26:51 INFO  no build target found for C:\Users\admin\Documents\BC\kurullo-springboot-test\src\main\java\com\example\kurullo\exception\GlobalExceptionHandler.java. Using fallback presentation compiler.
2026.05.22 14:26:51 INFO  no build target found for C:\Users\admin\Documents\BC\kurullo-springboot-test\src\main\java\com\example\kurullo\exception\GlobalExceptionHandler.java. Using fallback presentation compiler.
2026.05.22 14:26:51 INFO  no build target found for C:\Users\admin\Documents\BC\kurullo-springboot-test\src\main\java\com\example\kurullo\exception\GlobalExceptionHandler.java. Using fallback presentation compiler.
2026.05.22 14:26:51 INFO  no build target found for C:\Users\admin\Documents\BC\kurullo-springboot-test\src\main\java\com\example\kurullo\exception\GlobalExceptionHandler.java. Using fallback presentation compiler.
2026.05.22 14:26:52 INFO  no build target found for C:\Users\admin\Documents\BC\kurullo-springboot-test\src\main\java\com\example\kurullo\exception\GlobalExceptionHandler.java. Using fallback presentation compiler.
2026.05.22 14:26:53 WARN  no build target for: C:\Users\admin\Documents\BC\kurullo-springboot-test\src\main\java\com\example\kurullo\exception\GlobalExceptionHandler.java
2026.05.22 14:26:53 INFO  no build target found for C:\Users\admin\Documents\BC\kurullo-springboot-test\src\main\java\com\example\kurullo\exception\GlobalExceptionHandler.java. Using fallback presentation compiler.
2026.05.22 14:27:05 INFO  no build target found for C:\Users\admin\Documents\BC\kurullo-springboot-test\src\main\java\com\example\kurullo\security\JwtFilter.java. Using fallback presentation compiler.
2026.05.22 14:27:05 WARN  no build target for: C:\Users\admin\Documents\BC\kurullo-springboot-test\src\main\java\com\example\kurullo\security\JwtFilter.java
2026.05.22 14:27:05 INFO  no build target found for C:\Users\admin\Documents\BC\kurullo-springboot-test\src\main\java\com\example\kurullo\security\JwtFilter.java. Using fallback presentation compiler.
2026.05.22 14:27:06 INFO  no build target found for C:\Users\admin\Documents\BC\kurullo-springboot-test\src\main\java\com\example\kurullo\security\JwtFilter.java. Using fallback presentation compiler.
2026.05.22 14:27:05 INFO  no build target found for C:\Users\admin\Documents\BC\kurullo-springboot-test\src\main\java\com\example\kurullo\security\JwtFilter.java. Using fallback presentation compiler.
May 22, 2026 2:27:06 PM org.eclipse.lsp4j.jsonrpc.RemoteEndpoint handleCancellation
WARNING: Unmatched cancel notification for request id 501
2026.05.22 14:27:10 INFO  no build target found for C:\Users\admin\Documents\BC\kurullo-springboot-test\src\main\java\com\example\kurullo\security\UserDetailsServiceImpl.java. Using fallback presentation compiler.
2026.05.22 14:27:10 INFO  no build target found for C:\Users\admin\Documents\BC\kurullo-springboot-test\src\main\java\com\example\kurullo\security\UserDetailsServiceImpl.java. Using fallback presentation compiler.
2026.05.22 14:27:10 INFO  no build target found for C:\Users\admin\Documents\BC\kurullo-springboot-test\src\main\java\com\example\kurullo\security\UserDetailsServiceImpl.java. Using fallback presentation compiler.
2026.05.22 14:27:10 INFO  no build target found for C:\Users\admin\Documents\BC\kurullo-springboot-test\src\main\java\com\example\kurullo\security\UserDetailsServiceImpl.java. Using fallback presentation compiler.
2026.05.22 14:27:11 INFO  no build target found for C:\Users\admin\Documents\BC\kurullo-springboot-test\src\main\java\com\example\kurullo\security\UserDetailsServiceImpl.java. Using fallback presentation compiler.
2026.05.22 14:27:11 WARN  no build target for: C:\Users\admin\Documents\BC\kurullo-springboot-test\src\main\java\com\example\kurullo\security\UserDetailsServiceImpl.java
2026.05.22 14:27:11 INFO  no build target found for C:\Users\admin\Documents\BC\kurullo-springboot-test\src\main\java\com\example\kurullo\security\UserDetailsServiceImpl.java. Using fallback presentation compiler.
2026.05.22 14:27:19 INFO  no build target found for C:\Users\admin\Documents\BC\kurullo-springboot-test\src\main\java\com\example\kurullo\security\UserDetailsServiceImpl.java. Using fallback presentation compiler.
2026.05.22 14:27:19 INFO  no build target found for C:\Users\admin\Documents\BC\kurullo-springboot-test\src\main\java\com\example\kurullo\security\UserDetailsServiceImpl.java. Using fallback presentation compiler.
2026.05.22 14:27:19 INFO  no build target found for C:\Users\admin\Documents\BC\kurullo-springboot-test\src\main\java\com\example\kurullo\security\UserDetailsServiceImpl.java. Using fallback presentation compiler.
2026.05.22 14:27:19 INFO  no build target found for C:\Users\admin\Documents\BC\kurullo-springboot-test\src\main\java\com\example\kurullo\security\UserDetailsServiceImpl.java. Using fallback presentation compiler.
2026.05.22 14:27:20 INFO  no build target found for C:\Users\admin\Documents\BC\kurullo-springboot-test\src\main\java\com\example\kurullo\security\UserDetailsServiceImpl.java. Using fallback presentation compiler.
2026.05.22 14:27:20 INFO  no build target found for C:\Users\admin\Documents\BC\kurullo-springboot-test\src\main\java\com\example\kurullo\security\UserDetailsServiceImpl.java. Using fallback presentation compiler.
2026.05.22 14:27:20 INFO  no build target found for C:\Users\admin\Documents\BC\kurullo-springboot-test\src\main\java\com\example\kurullo\security\UserDetailsServiceImpl.java. Using fallback presentation compiler.
2026.05.22 14:27:20 WARN  no build target for: C:\Users\admin\Documents\BC\kurullo-springboot-test\src\main\java\com\example\kurullo\security\UserDetailsServiceImpl.java
2026.05.22 14:27:20 INFO  no build target found for C:\Users\admin\Documents\BC\kurullo-springboot-test\src\main\java\com\example\kurullo\security\UserDetailsServiceImpl.java. Using fallback presentation compiler.
2026.05.22 15:06:49 INFO  Shutting down server
2026.05.22 15:06:49 INFO  Memory monitor stopped
2026.05.22 15:06:49 INFO  shutting down Metals
2026.05.22 15:06:49 INFO  Exiting server
2026.05.22 15:06:50 ERROR Unexpected error initializing server: 
org.eclipse.lsp4j.jsonrpc.ResponseErrorException: Request window/showMessageRequest failed with message: Canceled
	at org.eclipse.lsp4j.jsonrpc.RemoteEndpoint.handleResponse(RemoteEndpoint.java:214)
	at org.eclipse.lsp4j.jsonrpc.RemoteEndpoint.consume(RemoteEndpoint.java:198)
	at org.eclipse.lsp4j.jsonrpc.json.StreamMessageProducer.handleMessage(StreamMessageProducer.java:189)
	at org.eclipse.lsp4j.jsonrpc.json.StreamMessageProducer.listen(StreamMessageProducer.java:97)
	at org.eclipse.lsp4j.jsonrpc.json.ConcurrentMessageProcessor.run(ConcurrentMessageProcessor.java:97)
	at java.util.concurrent.Executors$RunnableAdapter.call(Executors.java:539)
	at java.util.concurrent.FutureTask.run(FutureTask.java:264)
	at java.util.concurrent.ThreadPoolExecutor.runWorker(ThreadPoolExecutor.java:1136)
	at java.util.concurrent.ThreadPoolExecutor$Worker.run(ThreadPoolExecutor.java:635)
	at java.lang.Thread.run(Thread.java:842)

